Der Buildvorgang wurde am 12.01.2014 14:25:59 gestartet.
     1>Projekt "c:\Users\Lam0rMaN\documents\visual studio 2010\Projects\VideoÜberwachungKornUng Klassen\VideoÜberwachungKornUng Klassen\VideoÜberwachungKornUng Klassen.vcxproj" auf Knoten "2", rebuild Ziel(e).
     1>_PrepareForClean:
         Die Datei "Debug\VideoÜberwachungKornUng Klassen.lastbuildstate" wird gelöscht.
       InitializeBuildStatus:
         "Debug\VideoÜberwachungKornUng Klassen.unsuccessfulbuild" wird erstellt, da "AlwaysCreate" angegeben wurde.
       ClCompile:
         c:\Studium\Microsoft Visual Studio 10.0\VC\bin\CL.exe /c /IC:\Studium\opencv\build\include /ZI /nologo /W3 /WX- /Od /Oy- /D WIN32 /D _DEBUG /D _CONSOLE /D _UNICODE /D UNICODE /Gm /EHsc /RTC1 /MDd /GS /fp:precise /Zc:wchar_t /Zc:forScope /Fo"Debug\\" /Fd"Debug\vc100.pdb" /Gd /TP /analyze- /errorReport:prompt Kalibrierung.cpp "Videoüberwachung main.cpp" "VideoÜberwachung.cpp" "Überwachung.cpp"
         Überwachung.cpp
     1>c:\users\lam0rman\documents\visual studio 2010\projects\videoüberwachungkornung klassen\videoüberwachungkornung klassen\überwachung.cpp(31): warning C4018: '<': Konflikt zwischen 'signed' und 'unsigned'
     1>c:\users\lam0rman\documents\visual studio 2010\projects\videoüberwachungkornung klassen\videoüberwachungkornung klassen\überwachung.cpp(102): warning C4244: 'Argument': Konvertierung von 'int' in 'float', möglicher Datenverlust
     1>c:\users\lam0rman\documents\visual studio 2010\projects\videoüberwachungkornung klassen\videoüberwachungkornung klassen\überwachung.cpp(102): warning C4244: 'Argument': Konvertierung von 'int' in 'float', möglicher Datenverlust
     1>c:\users\lam0rman\documents\visual studio 2010\projects\videoüberwachungkornung klassen\videoüberwachungkornung klassen\überwachung.cpp(105): warning C4244: 'Argument': Konvertierung von 'int' in 'float', möglicher Datenverlust
     1>c:\users\lam0rman\documents\visual studio 2010\projects\videoüberwachungkornung klassen\videoüberwachungkornung klassen\überwachung.cpp(106): warning C4244: 'Argument': Konvertierung von 'int' in 'float', möglicher Datenverlust
     1>c:\users\lam0rman\documents\visual studio 2010\projects\videoüberwachungkornung klassen\videoüberwachungkornung klassen\überwachung.cpp(107): warning C4244: 'Argument': Konvertierung von 'int' in 'float', möglicher Datenverlust
     1>c:\users\lam0rman\documents\visual studio 2010\projects\videoüberwachungkornung klassen\videoüberwachungkornung klassen\überwachung.cpp(156): warning C4018: '<': Konflikt zwischen 'signed' und 'unsigned'
         VideoÜberwachung.cpp
     1>c:\users\lam0rman\documents\visual studio 2010\projects\videoüberwachungkornung klassen\videoüberwachungkornung klassen\videoüberwachung.cpp(21): warning C4244: '=': Konvertierung von 'double' in 'int', möglicher Datenverlust
     1>c:\users\lam0rman\documents\visual studio 2010\projects\videoüberwachungkornung klassen\videoüberwachungkornung klassen\videoüberwachung.cpp(22): warning C4244: '=': Konvertierung von 'double' in 'int', möglicher Datenverlust
         Videoüberwachung main.cpp
         Kalibrierung.cpp
     1>c:\users\lam0rman\documents\visual studio 2010\projects\videoüberwachungkornung klassen\videoüberwachungkornung klassen\kalibrierung.cpp(40): warning C4018: '<': Konflikt zwischen 'signed' und 'unsigned'
     1>c:\users\lam0rman\documents\visual studio 2010\projects\videoüberwachungkornung klassen\videoüberwachungkornung klassen\kalibrierung.cpp(94): warning C4018: '<': Konflikt zwischen 'signed' und 'unsigned'
         Code wird generiert...
       ManifestResourceCompile:
         C:\Program Files (x86)\Microsoft SDKs\Windows\v7.0A\bin\rc.exe /nologo /fo"Debug\VideoÜberwachungKornUng Klassen.exe.embed.manifest.res" "Debug\VideoÜberwachungKornUng Klassen_manifest.rc" 
       Link:
         c:\Studium\Microsoft Visual Studio 10.0\VC\bin\link.exe /ERRORREPORT:PROMPT /OUT:"c:\users\lam0rman\documents\visual studio 2010\Projects\VideoÜberwachungKornUng Klassen\Debug\VideoÜberwachungKornUng Klassen.exe" /INCREMENTAL /NOLOGO /LIBPATH:C:\Studium\opencv\build\x86\vc10\lib opencv_core246d.lib opencv_imgproc246d.lib opencv_highgui246d.lib opencv_ml246d.lib opencv_video246d.lib opencv_features2d246d.lib opencv_calib3d246d.lib kernel32.lib user32.lib gdi32.lib winspool.lib comdlg32.lib advapi32.lib shell32.lib ole32.lib oleaut32.lib uuid.lib odbc32.lib odbccp32.lib /MANIFEST /ManifestFile:"Debug\VideoÜberwachungKornUng Klassen.exe.intermediate.manifest" /MANIFESTUAC:"level='asInvoker' uiAccess='false'" /DEBUG /PDB:"c:\users\lam0rman\documents\visual studio 2010\Projects\VideoÜberwachungKornUng Klassen\Debug\VideoÜberwachungKornUng Klassen.pdb" /SUBSYSTEM:CONSOLE /TLBID:1 /DYNAMICBASE /NXCOMPAT /IMPLIB:"c:\users\lam0rman\documents\visual studio 2010\Projects\VideoÜberwachungKornUng Klassen\Debug\VideoÜberwachungKornUng Klassen.lib" /MACHINE:X86 "Debug\VideoÜberwachungKornUng Klassen.exe.embed.manifest.res"
         Debug\Kalibrierung.obj
         "Debug\Videoüberwachung main.obj"
         "Debug\VideoÜberwachung.obj"
         "Debug\Überwachung.obj"
       Manifest:
         Die Datei "Debug\VideoÜberwachungKornUng Klassen.exe.embed.manifest" wird gelöscht.
         C:\Program Files (x86)\Microsoft SDKs\Windows\v7.0A\bin\mt.exe /nologo /verbose /out:"Debug\VideoÜberwachungKornUng Klassen.exe.embed.manifest" /manifest "Debug\VideoÜberwachungKornUng Klassen.exe.intermediate.manifest"
         C:\Program Files (x86)\Microsoft SDKs\Windows\v7.0A\bin\rc.exe /nologo /fo"Debug\VideoÜberwachungKornUng Klassen.exe.embed.manifest.res" "Debug\VideoÜberwachungKornUng Klassen_manifest.rc" 
       LinkEmbedManifest:
         c:\Studium\Microsoft Visual Studio 10.0\VC\bin\link.exe /ERRORREPORT:PROMPT /OUT:"c:\users\lam0rman\documents\visual studio 2010\Projects\VideoÜberwachungKornUng Klassen\Debug\VideoÜberwachungKornUng Klassen.exe" /INCREMENTAL /NOLOGO /LIBPATH:C:\Studium\opencv\build\x86\vc10\lib opencv_core246d.lib opencv_imgproc246d.lib opencv_highgui246d.lib opencv_ml246d.lib opencv_video246d.lib opencv_features2d246d.lib opencv_calib3d246d.lib kernel32.lib user32.lib gdi32.lib winspool.lib comdlg32.lib advapi32.lib shell32.lib ole32.lib oleaut32.lib uuid.lib odbc32.lib odbccp32.lib /MANIFEST /ManifestFile:"Debug\VideoÜberwachungKornUng Klassen.exe.intermediate.manifest" /MANIFESTUAC:"level='asInvoker' uiAccess='false'" /DEBUG /PDB:"c:\users\lam0rman\documents\visual studio 2010\Projects\VideoÜberwachungKornUng Klassen\Debug\VideoÜberwachungKornUng Klassen.pdb" /SUBSYSTEM:CONSOLE /TLBID:1 /DYNAMICBASE /NXCOMPAT /IMPLIB:"c:\users\lam0rman\documents\visual studio 2010\Projects\VideoÜberwachungKornUng Klassen\Debug\VideoÜberwachungKornUng Klassen.lib" /MACHINE:X86 "Debug\VideoÜberwachungKornUng Klassen.exe.embed.manifest.res"
         Debug\Kalibrierung.obj
         "Debug\Videoüberwachung main.obj"
         "Debug\VideoÜberwachung.obj"
         "Debug\Überwachung.obj"
         VideoÜberwachungKornUng Klassen.vcxproj -> c:\users\lam0rman\documents\visual studio 2010\Projects\VideoÜberwachungKornUng Klassen\Debug\VideoÜberwachungKornUng Klassen.exe
       FinalizeBuildStatus:
         Die Datei "Debug\VideoÜberwachungKornUng Klassen.unsuccessfulbuild" wird gelöscht.
         Aktualisieren des Timestamps von "Debug\VideoÜberwachungKornUng Klassen.lastbuildstate".
     1>Die Erstellung des Projekts "c:\Users\Lam0rMaN\documents\visual studio 2010\Projects\VideoÜberwachungKornUng Klassen\VideoÜberwachungKornUng Klassen\VideoÜberwachungKornUng Klassen.vcxproj" ist abgeschlossen, rebuild Ziel(e).

Das Erstellen war erfolgreich.

Verstrichene Zeit 00:00:03.85
