C:\USERS\LAM0RMAN\DOCUMENTS\VISUAL STUDIO 2010\PROJECTS\VIDEOÜBERWACHUNGKORNUNG KLASSEN\DEBUG\VIDEOÜBERWACHUNGKORNUNG KLASSEN.EXE
C:\USERS\LAM0RMAN\DOCUMENTS\VISUAL STUDIO 2010\PROJECTS\VIDEOÜBERWACHUNGKORNUNG KLASSEN\DEBUG\VIDEOÜBERWACHUNGKORNUNG KLASSEN.ILK
C:\USERS\LAM0RMAN\DOCUMENTS\VISUAL STUDIO 2010\PROJECTS\VIDEOÜBERWACHUNGKORNUNG KLASSEN\DEBUG\VIDEOÜBERWACHUNGKORNUNG KLASSEN.PDB
c:\Users\Lam0rMaN\documents\visual studio 2010\Projects\VideoÜberwachungKornUng Klassen\VideoÜberwachungKornUng Klassen\Debug\cl.command.1.tlog
c:\Users\Lam0rMaN\documents\visual studio 2010\Projects\VideoÜberwachungKornUng Klassen\VideoÜberwachungKornUng Klassen\Debug\CL.read.1.tlog
c:\Users\Lam0rMaN\documents\visual studio 2010\Projects\VideoÜberwachungKornUng Klassen\VideoÜberwachungKornUng Klassen\Debug\CL.write.1.tlog
C:\USERS\LAM0RMAN\DOCUMENTS\VISUAL STUDIO 2010\PROJECTS\VIDEOÜBERWACHUNGKORNUNG KLASSEN\VIDEOÜBERWACHUNGKORNUNG KLASSEN\DEBUG\KALIBRIERUNG.OBJ
c:\Users\Lam0rMaN\documents\visual studio 2010\Projects\VideoÜberwachungKornUng Klassen\VideoÜberwachungKornUng Klassen\Debug\link.7160.read.1.tlog
c:\Users\Lam0rMaN\documents\visual studio 2010\Projects\VideoÜberwachungKornUng Klassen\VideoÜberwachungKornUng Klassen\Debug\link.7160.write.1.tlog
c:\Users\Lam0rMaN\documents\visual studio 2010\Projects\VideoÜberwachungKornUng Klassen\VideoÜberwachungKornUng Klassen\Debug\link.7160-cvtres.read.1.tlog
c:\Users\Lam0rMaN\documents\visual studio 2010\Projects\VideoÜberwachungKornUng Klassen\VideoÜberwachungKornUng Klassen\Debug\link.7160-cvtres.write.1.tlog
c:\Users\Lam0rMaN\documents\visual studio 2010\Projects\VideoÜberwachungKornUng Klassen\VideoÜberwachungKornUng Klassen\Debug\link.command.1.tlog
c:\Users\Lam0rMaN\documents\visual studio 2010\Projects\VideoÜberwachungKornUng Klassen\VideoÜberwachungKornUng Klassen\Debug\link.read.1.tlog
c:\Users\Lam0rMaN\documents\visual studio 2010\Projects\VideoÜberwachungKornUng Klassen\VideoÜberwachungKornUng Klassen\Debug\link.write.1.tlog
c:\Users\Lam0rMaN\documents\visual studio 2010\Projects\VideoÜberwachungKornUng Klassen\VideoÜberwachungKornUng Klassen\Debug\link-cvtres.read.1.tlog
c:\Users\Lam0rMaN\documents\visual studio 2010\Projects\VideoÜberwachungKornUng Klassen\VideoÜberwachungKornUng Klassen\Debug\link-cvtres.write.1.tlog
c:\Users\Lam0rMaN\documents\visual studio 2010\Projects\VideoÜberwachungKornUng Klassen\VideoÜberwachungKornUng Klassen\Debug\mt.command.1.tlog
c:\Users\Lam0rMaN\documents\visual studio 2010\Projects\VideoÜberwachungKornUng Klassen\VideoÜberwachungKornUng Klassen\Debug\mt.read.1.tlog
c:\Users\Lam0rMaN\documents\visual studio 2010\Projects\VideoÜberwachungKornUng Klassen\VideoÜberwachungKornUng Klassen\Debug\mt.write.1.tlog
c:\Users\Lam0rMaN\documents\visual studio 2010\Projects\VideoÜberwachungKornUng Klassen\VideoÜberwachungKornUng Klassen\Debug\rc.command.1.tlog
c:\Users\Lam0rMaN\documents\visual studio 2010\Projects\VideoÜberwachungKornUng Klassen\VideoÜberwachungKornUng Klassen\Debug\rc.read.1.tlog
c:\Users\Lam0rMaN\documents\visual studio 2010\Projects\VideoÜberwachungKornUng Klassen\VideoÜberwachungKornUng Klassen\Debug\rc.write.1.tlog
C:\USERS\LAM0RMAN\DOCUMENTS\VISUAL STUDIO 2010\PROJECTS\VIDEOÜBERWACHUNGKORNUNG KLASSEN\VIDEOÜBERWACHUNGKORNUNG KLASSEN\DEBUG\ÜBERWACHUNG.OBJ
c:\Users\Lam0rMaN\documents\visual studio 2010\Projects\VideoÜberwachungKornUng Klassen\VideoÜberwachungKornUng Klassen\Debug\vc100.idb
C:\USERS\LAM0RMAN\DOCUMENTS\VISUAL STUDIO 2010\PROJECTS\VIDEOÜBERWACHUNGKORNUNG KLASSEN\VIDEOÜBERWACHUNGKORNUNG KLASSEN\DEBUG\VC100.PDB
C:\USERS\LAM0RMAN\DOCUMENTS\VISUAL STUDIO 2010\PROJECTS\VIDEOÜBERWACHUNGKORNUNG KLASSEN\VIDEOÜBERWACHUNGKORNUNG KLASSEN\DEBUG\VIDEOüBERWACHUNG MAIN.OBJ
C:\USERS\LAM0RMAN\DOCUMENTS\VISUAL STUDIO 2010\PROJECTS\VIDEOÜBERWACHUNGKORNUNG KLASSEN\VIDEOÜBERWACHUNGKORNUNG KLASSEN\DEBUG\VIDEOÜBERWACHUNG.OBJ
C:\USERS\LAM0RMAN\DOCUMENTS\VISUAL STUDIO 2010\PROJECTS\VIDEOÜBERWACHUNGKORNUNG KLASSEN\VIDEOÜBERWACHUNGKORNUNG KLASSEN\DEBUG\VIDEOÜBERWACHUNGKORNUNG KLASSEN.EXE.EMBED.MANIFEST
C:\USERS\LAM0RMAN\DOCUMENTS\VISUAL STUDIO 2010\PROJECTS\VIDEOÜBERWACHUNGKORNUNG KLASSEN\VIDEOÜBERWACHUNGKORNUNG KLASSEN\DEBUG\VIDEOÜBERWACHUNGKORNUNG KLASSEN.EXE.EMBED.MANIFEST.RES
C:\USERS\LAM0RMAN\DOCUMENTS\VISUAL STUDIO 2010\PROJECTS\VIDEOÜBERWACHUNGKORNUNG KLASSEN\VIDEOÜBERWACHUNGKORNUNG KLASSEN\DEBUG\VIDEOÜBERWACHUNGKORNUNG KLASSEN.EXE.INTERMEDIATE.MANIFEST
c:\Users\Lam0rMaN\documents\visual studio 2010\Projects\VideoÜberwachungKornUng Klassen\VideoÜberwachungKornUng Klassen\Debug\VideoÜberwachungKornUng Klassen_manifest.rc
